<?xml version="1.0" encoding="UTF-8"?>
<!-- Generated by org.testng.reporters.JUnitXMLReporter -->
<testsuite ignored="2" hostname="DESKTOP-6G702EN" failures="0" tests="4" name="Test" time="0.148" errors="0" timestamp="2026-04-22T13:25:45 IST">
  <testcase classname="com.crm.comcast.createorgtest.CreateOrgTest" name="createOrg" time="0.013"/>
  <testcase classname="com.crm.comcast.createorgtest.CreateOrgTest" name="createOrgWithIndustry" time="0.006"/>
  <testcase classname="com.crm.comcast.createcontacttest.CreateContactTest" name="createContact" time="0.005"/>
  <testcase classname="com.crm.comcast.createcontacttest.CreateContactTest" name="createContactWithDate" time="0.003"/>
  <testcase classname="com.crm.comcast.generic.baseutility.BaseClassTest" name="@AfterSuite configAS" time="0.0">
    <ignored/>
  </testcase> <!-- @AfterSuite configAS -->
  <testcase classname="com.crm.comcast.generic.baseutility.BaseClassTest" name="@BeforeSuite configBS" time="0.0">
    <ignored/>
  </testcase> <!-- @BeforeSuite configBS -->
</testsuite> <!-- Test -->
