<?xml version="1.0" encoding="UTF-8"?>
<!-- Generated by org.testng.reporters.JUnitReportReporter -->
<testsuite hostname="DESKTOP-6G702EN" failures="0" tests="2" name="practice.crm.createconatcttest.CreateContactTest" time="0.033" errors="0" timestamp="2026-04-22T12:39:05 IST" skipped="0">
  <testcase classname="practice.crm.createconatcttest.CreateContactTest" name="createContact" time="0.020"/>
  <testcase classname="practice.crm.createconatcttest.CreateContactTest" name="createContactWithDate" time="0.013"/>
</testsuite> <!-- practice.crm.createconatcttest.CreateContactTest -->
