<?xml version="1.0" encoding="UTF-8"?>
<!-- Generated by org.testng.reporters.JUnitReportReporter -->
<testsuite hostname="DESKTOP-6G702EN" failures="0" tests="2" name="com.crm.comcast.createcontacttest.CreateContactTest" time="0.015" errors="0" timestamp="2026-04-22T13:25:46 IST" skipped="0">
  <testcase classname="com.crm.comcast.createcontacttest.CreateContactTest" name="createContact" time="0.008"/>
  <testcase classname="com.crm.comcast.createcontacttest.CreateContactTest" name="createContactWithDate" time="0.007"/>
</testsuite> <!-- com.crm.comcast.createcontacttest.CreateContactTest -->
